The system is: Linux - 4.14.48-2-MANJARO - x86_64
Compiling the C compiler identification source file "CMakeCCompilerId.c" succeeded.
Compiler: /usr/bin/gcc 
Build flags: 
Id flags:  

The output was:
0


Compilation of the C compiler identification source "CMakeCCompilerId.c" produced "a.out"

The C compiler identification is GNU, found in "/home/c/CLionProjects/Algorithm/ShellSort/cmake-build-debug/CMakeFiles/3.10.3/CompilerIdC/a.out"

Compiling the CXX compiler identification source file "CMakeCXXCompilerId.cpp" succeeded.
Compiler: /usr/bin/g++ 
Build flags: 
Id flags:  

The output was:
0


Compilation of the CXX compiler identification source "CMakeCXXCompilerId.cpp" produced "a.out"

The CXX compiler identification is GNU, found in "/home/c/CLionProjects/Algorithm/ShellSort/cmake-build-debug/CMakeFiles/3.10.3/CompilerIdCXX/a.out"

Determining if the C compiler works passed with the following output:
Change Dir: /home/c/CLionProjects/Algorithm/ShellSort/cmake-build-debug/CMakeFiles/CMakeTmp

Run Build Command:"/usr/bin/make" "cmTC_488b1/fast"
/usr/bin/make -f CMakeFiles/cmTC_488b1.dir/build.make CMakeFiles/cmTC_488b1.dir/build
make[1]: Entering directory '/home/c/CLionProjects/Algorithm/ShellSort/cmake-build-debug/CMakeFiles/CMakeTmp'
Building C object CMakeFiles/cmTC_488b1.dir/testCCompiler.c.o
/usr/bin/gcc    -o CMakeFiles/cmTC_488b1.dir/testCCompiler.c.o   -c /home/c/CLionProjects/Algorithm/ShellSort/cmake-build-debug/CMakeFiles/CMakeTmp/testCCompiler.c
Linking C executable cmTC_488b1
/home/c/.local/share/JetBrains/Toolbox/apps/CLion/ch-0/181.5281.33/bin/cmake/bin/cmake -E cmake_link_script CMakeFiles/cmTC_488b1.dir/link.txt --verbose=1
/usr/bin/gcc      CMakeFiles/cmTC_488b1.dir/testCCompiler.c.o  -o cmTC_488b1 
make[1]: Leaving directory '/home/c/CLionProjects/Algorithm/ShellSort/cmake-build-debug/CMakeFiles/CMakeTmp'


Detecting C compiler ABI info compiled with the following output:
Change Dir: /home/c/CLionProjects/Algorithm/ShellSort/cmake-build-debug/CMakeFiles/CMakeTmp

Run Build Command:"/usr/bin/make" "cmTC_c1c23/fast"
/usr/bin/make -f CMakeFiles/cmTC_c1c23.dir/build.make CMakeFiles/cmTC_c1c23.dir/build
make[1]: Entering directory '/home/c/CLionProjects/Algorithm/ShellSort/cmake-build-debug/CMakeFiles/CMakeTmp'
Building C object CMakeFiles/cmTC_c1c23.dir/CMakeCCompilerABI.c.o
/usr/bin/gcc    -o CMakeFiles/cmTC_c1c23.dir/CMakeCCompilerABI.c.o   -c /home/c/.local/share/JetBrains/Toolbox/apps/CLion/ch-0/181.5281.33/bin/cmake/share/cmake-3.10/Modules/CMakeCCompilerABI.c
Linking C executable cmTC_c1c23
/home/c/.local/share/JetBrains/Toolbox/apps/CLion/ch-0/181.5281.33/bin/cmake/bin/cmake -E cmake_link_script CMakeFiles/cmTC_c1c23.dir/link.txt --verbose=1
/usr/bin/gcc     -v CMakeFiles/cmTC_c1c23.dir/CMakeCCompilerABI.c.o  -o cmTC_c1c23 
Using built-in specs.
COLLECT_GCC=/usr/bin/gcc
COLLECT_LTO_WRAPPER=/usr/lib/gcc/x86_64-pc-linux-gnu/8.1.1/lto-wrapper
Target: x86_64-pc-linux-gnu
Configured with: /build/gcc/src/gcc/configure --prefix=/usr --libdir=/usr/lib --libexecdir=/usr/lib --mandir=/usr/share/man --infodir=/usr/share/info --with-bugurl=https://bugs.archlinux.org/ --enable-languages=c,c++,ada,fortran,go,lto,objc,obj-c++ --enable-shared --enable-threads=posix --enable-libmpx --with-system-zlib --with-isl --enable-__cxa_atexit --disable-libunwind-exceptions --enable-clocale=gnu --disable-libstdcxx-pch --disable-libssp --enable-gnu-unique-object --enable-linker-build-id --enable-lto --enable-plugin --enable-install-libiberty --with-linker-hash-style=gnu --enable-gnu-indirect-function --enable-multilib --disable-werror --enable-checking=release --enable-default-pie --enable-default-ssp
Thread model: posix
gcc version 8.1.1 20180531 (GCC) 
COMPILER_PATH=/usr/lib/gcc/x86_64-pc-linux-gnu/8.1.1/:/usr/lib/gcc/x86_64-pc-linux-gnu/8.1.1/:/usr/lib/gcc/x86_64-pc-linux-gnu/:/usr/lib/gcc/x86_64-pc-linux-gnu/8.1.1/:/usr/lib/gcc/x86_64-pc-linux-gnu/
LIBRARY_PATH=/usr/lib/gcc/x86_64-pc-linux-gnu/8.1.1/:/usr/lib/gcc/x86_64-pc-linux-gnu/8.1.1/../../../../lib/:/lib/../lib/:/usr/lib/../lib/:/usr/lib/gcc/x86_64-pc-linux-gnu/8.1.1/../../../:/lib/:/usr/lib/
COLLECT_GCC_OPTIONS='-v' '-o' 'cmTC_c1c23' '-mtune=generic' '-march=x86-64'
 /usr/lib/gcc/x86_64-pc-linux-gnu/8.1.1/collect2 -plugin /usr/lib/gcc/x86_64-pc-linux-gnu/8.1.1/liblto_plugin.so -plugin-opt=/usr/lib/gcc/x86_64-pc-linux-gnu/8.1.1/lto-wrapper -plugin-opt=-fresolution=/tmp/ccLnp1xz.res -plugin-opt=-pass-through=-lgcc -plugin-opt=-pass-through=-lgcc_s -plugin-opt=-pass-through=-lc -plugin-opt=-pass-through=-lgcc -plugin-opt=-pass-through=-lgcc_s --build-id --eh-frame-hdr --hash-style=gnu -m elf_x86_64 -dynamic-linker /lib64/ld-linux-x86-64.so.2 -pie -o cmTC_c1c23 /usr/lib/gcc/x86_64-pc-linux-gnu/8.1.1/../../../../lib/Scrt1.o /usr/lib/gcc/x86_64-pc-linux-gnu/8.1.1/../../../../lib/crti.o /usr/lib/gcc/x86_64-pc-linux-gnu/8.1.1/crtbeginS.o -L/usr/lib/gcc/x86_64-pc-linux-gnu/8.1.1 -L/usr/lib/gcc/x86_64-pc-linux-gnu/8.1.1/../../../../lib -L/lib/../lib -L/usr/lib/../lib -L/usr/lib/gcc/x86_64-pc-linux-gnu/8.1.1/../../.. CMakeFiles/cmTC_c1c23.dir/CMakeCCompilerABI.c.o -lgcc --as-needed -lgcc_s --no-as-needed -lc -lgcc --as-needed -lgcc_s --no-as-needed /usr/lib/gcc/x86_64-pc-linux-gnu/8.1.1/crtendS.o /usr/lib/gcc/x86_64-pc-linux-gnu/8.1.1/../../../../lib/crtn.o
COLLECT_GCC_OPTIONS='-v' '-o' 'cmTC_c1c23' '-mtune=generic' '-march=x86-64'
make[1]: Leaving directory '/home/c/CLionProjects/Algorithm/ShellSort/cmake-build-debug/CMakeFiles/CMakeTmp'


Parsed C implicit link information from above output:
  link line regex: [^( *|.*[/\])(ld|CMAKE_LINK_STARTFILE-NOTFOUND|([^/\]+-)?ld|collect2)[^/\]*( |$)]
  ignore line: [Change Dir: /home/c/CLionProjects/Algorithm/ShellSort/cmake-build-debug/CMakeFiles/CMakeTmp]
  ignore line: []
  ignore line: [Run Build Command:"/usr/bin/make" "cmTC_c1c23/fast"]
  ignore line: [/usr/bin/make -f CMakeFiles/cmTC_c1c23.dir/build.make CMakeFiles/cmTC_c1c23.dir/build]
  ignore line: [make[1]: Entering directory '/home/c/CLionProjects/Algorithm/ShellSort/cmake-build-debug/CMakeFiles/CMakeTmp']
  ignore line: [Building C object CMakeFiles/cmTC_c1c23.dir/CMakeCCompilerABI.c.o]
  ignore line: [/usr/bin/gcc    -o CMakeFiles/cmTC_c1c23.dir/CMakeCCompilerABI.c.o   -c /home/c/.local/share/JetBrains/Toolbox/apps/CLion/ch-0/181.5281.33/bin/cmake/share/cmake-3.10/Modules/CMakeCCompilerABI.c]
  ignore line: [Linking C executable cmTC_c1c23]
  ignore line: [/home/c/.local/share/JetBrains/Toolbox/apps/CLion/ch-0/181.5281.33/bin/cmake/bin/cmake -E cmake_link_script CMakeFiles/cmTC_c1c23.dir/link.txt --verbose=1]
  ignore line: [/usr/bin/gcc     -v CMakeFiles/cmTC_c1c23.dir/CMakeCCompilerABI.c.o  -o cmTC_c1c23 ]
  ignore line: [Using built-in specs.]
  ignore line: [COLLECT_GCC=/usr/bin/gcc]
  ignore line: [COLLECT_LTO_WRAPPER=/usr/lib/gcc/x86_64-pc-linux-gnu/8.1.1/lto-wrapper]
  ignore line: [Target: x86_64-pc-linux-gnu]
  ignore line: [Configured with: /build/gcc/src/gcc/configure --prefix=/usr --libdir=/usr/lib --libexecdir=/usr/lib --mandir=/usr/share/man --infodir=/usr/share/info --with-bugurl=https://bugs.archlinux.org/ --enable-languages=c,c++,ada,fortran,go,lto,objc,obj-c++ --enable-shared --enable-threads=posix --enable-libmpx --with-system-zlib --with-isl --enable-__cxa_atexit --disable-libunwind-exceptions --enable-clocale=gnu --disable-libstdcxx-pch --disable-libssp --enable-gnu-unique-object --enable-linker-build-id --enable-lto --enable-plugin --enable-install-libiberty --with-linker-hash-style=gnu --enable-gnu-indirect-function --enable-multilib --disable-werror --enable-checking=release --enable-default-pie --enable-default-ssp]
  ignore line: [Thread model: posix]
  ignore line: [gcc version 8.1.1 20180531 (GCC) ]
  ignore line: [COMPILER_PATH=/usr/lib/gcc/x86_64-pc-linux-gnu/8.1.1/:/usr/lib/gcc/x86_64-pc-linux-gnu/8.1.1/:/usr/lib/gcc/x86_64-pc-linux-gnu/:/usr/lib/gcc/x86_64-pc-linux-gnu/8.1.1/:/usr/lib/gcc/x86_64-pc-linux-gnu/]
  ignore line: [LIBRARY_PATH=/usr/lib/gcc/x86_64-pc-linux-gnu/8.1.1/:/usr/lib/gcc/x86_64-pc-linux-gnu/8.1.1/../../../../lib/:/lib/../lib/:/usr/lib/../lib/:/usr/lib/gcc/x86_64-pc-linux-gnu/8.1.1/../../../:/lib/:/usr/lib/]
  ignore line: [COLLECT_GCC_OPTIONS='-v' '-o' 'cmTC_c1c23' '-mtune=generic' '-march=x86-64']
  link line: [ /usr/lib/gcc/x86_64-pc-linux-gnu/8.1.1/collect2 -plugin /usr/lib/gcc/x86_64-pc-linux-gnu/8.1.1/liblto_plugin.so -plugin-opt=/usr/lib/gcc/x86_64-pc-linux-gnu/8.1.1/lto-wrapper -plugin-opt=-fresolution=/tmp/ccLnp1xz.res -plugin-opt=-pass-through=-lgcc -plugin-opt=-pass-through=-lgcc_s -plugin-opt=-pass-through=-lc -plugin-opt=-pass-through=-lgcc -plugin-opt=-pass-through=-lgcc_s --build-id --eh-frame-hdr --hash-style=gnu -m elf_x86_64 -dynamic-linker /lib64/ld-linux-x86-64.so.2 -pie -o cmTC_c1c23 /usr/lib/gcc/x86_64-pc-linux-gnu/8.1.1/../../../../lib/Scrt1.o /usr/lib/gcc/x86_64-pc-linux-gnu/8.1.1/../../../../lib/crti.o /usr/lib/gcc/x86_64-pc-linux-gnu/8.1.1/crtbeginS.o -L/usr/lib/gcc/x86_64-pc-linux-gnu/8.1.1 -L/usr/lib/gcc/x86_64-pc-linux-gnu/8.1.1/../../../../lib -L/lib/../lib -L/usr/lib/../lib -L/usr/lib/gcc/x86_64-pc-linux-gnu/8.1.1/../../.. CMakeFiles/cmTC_c1c23.dir/CMakeCCompilerABI.c.o -lgcc --as-needed -lgcc_s --no-as-needed -lc -lgcc --as-needed -lgcc_s --no-as-needed /usr/lib/gcc/x86_64-pc-linux-gnu/8.1.1/crtendS.o /usr/lib/gcc/x86_64-pc-linux-gnu/8.1.1/../../../../lib/crtn.o]
    arg [/usr/lib/gcc/x86_64-pc-linux-gnu/8.1.1/collect2] ==> ignore
    arg [-plugin] ==> ignore
    arg [/usr/lib/gcc/x86_64-pc-linux-gnu/8.1.1/liblto_plugin.so] ==> ignore
    arg [-plugin-opt=/usr/lib/gcc/x86_64-pc-linux-gnu/8.1.1/lto-wrapper] ==> ignore
    arg [-plugin-opt=-fresolution=/tmp/ccLnp1xz.res] ==> ignore
    arg [-plugin-opt=-pass-through=-lgcc] ==> ignore
    arg [-plugin-opt=-pass-through=-lgcc_s] ==> ignore
    arg [-plugin-opt=-pass-through=-lc] ==> ignore
    arg [-plugin-opt=-pass-through=-lgcc] ==> ignore
    arg [-plugin-opt=-pass-through=-lgcc_s] ==> ignore
    arg [--build-id] ==> ignore
    arg [--eh-frame-hdr] ==> ignore
    arg [--hash-style=gnu] ==> ignore
    arg [-m] ==> ignore
    arg [elf_x86_64] ==> ignore
    arg [-dynamic-linker] ==> ignore
    arg [/lib64/ld-linux-x86-64.so.2] ==> ignore
    arg [-pie] ==> ignore
    arg [-o] ==> ignore
    arg [cmTC_c1c23] ==> ignore
    arg [/usr/lib/gcc/x86_64-pc-linux-gnu/8.1.1/../../../../lib/Scrt1.o] ==> ignore
    arg [/usr/lib/gcc/x86_64-pc-linux-gnu/8.1.1/../../../../lib/crti.o] ==> ignore
    arg [/usr/lib/gcc/x86_64-pc-linux-gnu/8.1.1/crtbeginS.o] ==> ignore
    arg [-L/usr/lib/gcc/x86_64-pc-linux-gnu/8.1.1] ==> dir [/usr/lib/gcc/x86_64-pc-linux-gnu/8.1.1]
    arg [-L/usr/lib/gcc/x86_64-pc-linux-gnu/8.1.1/../../../../lib] ==> dir [/usr/lib/gcc/x86_64-pc-linux-gnu/8.1.1/../../../../lib]
    arg [-L/lib/../lib] ==> dir [/lib/../lib]
    arg [-L/usr/lib/../lib] ==> dir [/usr/lib/../lib]
    arg [-L/usr/lib/gcc/x86_64-pc-linux-gnu/8.1.1/../../..] ==> dir [/usr/lib/gcc/x86_64-pc-linux-gnu/8.1.1/../../..]
    arg [CMakeFiles/cmTC_c1c23.dir/CMakeCCompilerABI.c.o] ==> ignore
    arg [-lgcc] ==> lib [gcc]
    arg [--as-needed] ==> ignore
    arg [-lgcc_s] ==> lib [gcc_s]
    arg [--no-as-needed] ==> ignore
    arg [-lc] ==> lib [c]
    arg [-lgcc] ==> lib [gcc]
    arg [--as-needed] ==> ignore
    arg [-lgcc_s] ==> lib [gcc_s]
    arg [--no-as-needed] ==> ignore
    arg [/usr/lib/gcc/x86_64-pc-linux-gnu/8.1.1/crtendS.o] ==> ignore
    arg [/usr/lib/gcc/x86_64-pc-linux-gnu/8.1.1/../../../../lib/crtn.o] ==> ignore
  collapse library dir [/usr/lib/gcc/x86_64-pc-linux-gnu/8.1.1] ==> [/usr/lib/gcc/x86_64-pc-linux-gnu/8.1.1]
  collapse library dir [/usr/lib/gcc/x86_64-pc-linux-gnu/8.1.1/../../../../lib] ==> [/usr/lib]
  collapse library dir [/lib/../lib] ==> [/lib]
  collapse library dir [/usr/lib/../lib] ==> [/usr/lib]
  collapse library dir [/usr/lib/gcc/x86_64-pc-linux-gnu/8.1.1/../../..] ==> [/usr/lib]
  implicit libs: [gcc;gcc_s;c;gcc;gcc_s]
  implicit dirs: [/usr/lib/gcc/x86_64-pc-linux-gnu/8.1.1;/usr/lib;/lib]
  implicit fwks: []




Detecting C [-std=c11] compiler features compiled with the following output:
Change Dir: /home/c/CLionProjects/Algorithm/ShellSort/cmake-build-debug/CMakeFiles/CMakeTmp

Run Build Command:"/usr/bin/make" "cmTC_457b8/fast"
/usr/bin/make -f CMakeFiles/cmTC_457b8.dir/build.make CMakeFiles/cmTC_457b8.dir/build
make[1]: Entering directory '/home/c/CLionProjects/Algorithm/ShellSort/cmake-build-debug/CMakeFiles/CMakeTmp'
Building C object CMakeFiles/cmTC_457b8.dir/feature_tests.c.o
/usr/bin/gcc   -std=c11 -o CMakeFiles/cmTC_457b8.dir/feature_tests.c.o   -c /home/c/CLionProjects/Algorithm/ShellSort/cmake-build-debug/CMakeFiles/feature_tests.c
Linking C executable cmTC_457b8
/home/c/.local/share/JetBrains/Toolbox/apps/CLion/ch-0/181.5281.33/bin/cmake/bin/cmake -E cmake_link_script CMakeFiles/cmTC_457b8.dir/link.txt --verbose=1
/usr/bin/gcc      CMakeFiles/cmTC_457b8.dir/feature_tests.c.o  -o cmTC_457b8 
make[1]: Leaving directory '/home/c/CLionProjects/Algorithm/ShellSort/cmake-build-debug/CMakeFiles/CMakeTmp'


    Feature record: C_FEATURE:1c_function_prototypes
    Feature record: C_FEATURE:1c_restrict
    Feature record: C_FEATURE:1c_static_assert
    Feature record: C_FEATURE:1c_variadic_macros


Detecting C [-std=c99] compiler features compiled with the following output:
Change Dir: /home/c/CLionProjects/Algorithm/ShellSort/cmake-build-debug/CMakeFiles/CMakeTmp

Run Build Command:"/usr/bin/make" "cmTC_8d130/fast"
/usr/bin/make -f CMakeFiles/cmTC_8d130.dir/build.make CMakeFiles/cmTC_8d130.dir/build
make[1]: Entering directory '/home/c/CLionProjects/Algorithm/ShellSort/cmake-build-debug/CMakeFiles/CMakeTmp'
Building C object CMakeFiles/cmTC_8d130.dir/feature_tests.c.o
/usr/bin/gcc   -std=c99 -o CMakeFiles/cmTC_8d130.dir/feature_tests.c.o   -c /home/c/CLionProjects/Algorithm/ShellSort/cmake-build-debug/CMakeFiles/feature_tests.c
Linking C executable cmTC_8d130
/home/c/.local/share/JetBrains/Toolbox/apps/CLion/ch-0/181.5281.33/bin/cmake/bin/cmake -E cmake_link_script CMakeFiles/cmTC_8d130.dir/link.txt --verbose=1
/usr/bin/gcc      CMakeFiles/cmTC_8d130.dir/feature_tests.c.o  -o cmTC_8d130 
make[1]: Leaving directory '/home/c/CLionProjects/Algorithm/ShellSort/cmake-build-debug/CMakeFiles/CMakeTmp'


    Feature record: C_FEATURE:1c_function_prototypes
    Feature record: C_FEATURE:1c_restrict
    Feature record: C_FEATURE:0c_static_assert
    Feature record: C_FEATURE:1c_variadic_macros


Detecting C [-std=c90] compiler features compiled with the following output:
Change Dir: /home/c/CLionProjects/Algorithm/ShellSort/cmake-build-debug/CMakeFiles/CMakeTmp

Run Build Command:"/usr/bin/make" "cmTC_02fbc/fast"
/usr/bin/make -f CMakeFiles/cmTC_02fbc.dir/build.make CMakeFiles/cmTC_02fbc.dir/build
make[1]: Entering directory '/home/c/CLionProjects/Algorithm/ShellSort/cmake-build-debug/CMakeFiles/CMakeTmp'
Building C object CMakeFiles/cmTC_02fbc.dir/feature_tests.c.o
/usr/bin/gcc   -std=c90 -o CMakeFiles/cmTC_02fbc.dir/feature_tests.c.o   -c /home/c/CLionProjects/Algorithm/ShellSort/cmake-build-debug/CMakeFiles/feature_tests.c
Linking C executable cmTC_02fbc
/home/c/.local/share/JetBrains/Toolbox/apps/CLion/ch-0/181.5281.33/bin/cmake/bin/cmake -E cmake_link_script CMakeFiles/cmTC_02fbc.dir/link.txt --verbose=1
/usr/bin/gcc      CMakeFiles/cmTC_02fbc.dir/feature_tests.c.o  -o cmTC_02fbc 
make[1]: Leaving directory '/home/c/CLionProjects/Algorithm/ShellSort/cmake-build-debug/CMakeFiles/CMakeTmp'


    Feature record: C_FEATURE:1c_function_prototypes
    Feature record: C_FEATURE:0c_restrict
    Feature record: C_FEATURE:0c_static_assert
    Feature record: C_FEATURE:0c_variadic_macros
Determining if the CXX compiler works passed with the following output:
Change Dir: /home/c/CLionProjects/Algorithm/ShellSort/cmake-build-debug/CMakeFiles/CMakeTmp

Run Build Command:"/usr/bin/make" "cmTC_5f4cd/fast"
/usr/bin/make -f CMakeFiles/cmTC_5f4cd.dir/build.make CMakeFiles/cmTC_5f4cd.dir/build
make[1]: Entering directory '/home/c/CLionProjects/Algorithm/ShellSort/cmake-build-debug/CMakeFiles/CMakeTmp'
Building CXX object CMakeFiles/cmTC_5f4cd.dir/testCXXCompiler.cxx.o
/usr/bin/g++     -o CMakeFiles/cmTC_5f4cd.dir/testCXXCompiler.cxx.o -c /home/c/CLionProjects/Algorithm/ShellSort/cmake-build-debug/CMakeFiles/CMakeTmp/testCXXCompiler.cxx
Linking CXX executable cmTC_5f4cd
/home/c/.local/share/JetBrains/Toolbox/apps/CLion/ch-0/181.5281.33/bin/cmake/bin/cmake -E cmake_link_script CMakeFiles/cmTC_5f4cd.dir/link.txt --verbose=1
/usr/bin/g++       CMakeFiles/cmTC_5f4cd.dir/testCXXCompiler.cxx.o  -o cmTC_5f4cd 
make[1]: Leaving directory '/home/c/CLionProjects/Algorithm/ShellSort/cmake-build-debug/CMakeFiles/CMakeTmp'


Detecting CXX compiler ABI info compiled with the following output:
Change Dir: /home/c/CLionProjects/Algorithm/ShellSort/cmake-build-debug/CMakeFiles/CMakeTmp

Run Build Command:"/usr/bin/make" "cmTC_b7253/fast"
/usr/bin/make -f CMakeFiles/cmTC_b7253.dir/build.make CMakeFiles/cmTC_b7253.dir/build
make[1]: Entering directory '/home/c/CLionProjects/Algorithm/ShellSort/cmake-build-debug/CMakeFiles/CMakeTmp'
Building CXX object CMakeFiles/cmTC_b7253.dir/CMakeCXXCompilerABI.cpp.o
/usr/bin/g++     -o CMakeFiles/cmTC_b7253.dir/CMakeCXXCompilerABI.cpp.o -c /home/c/.local/share/JetBrains/Toolbox/apps/CLion/ch-0/181.5281.33/bin/cmake/share/cmake-3.10/Modules/CMakeCXXCompilerABI.cpp
Linking CXX executable cmTC_b7253
/home/c/.local/share/JetBrains/Toolbox/apps/CLion/ch-0/181.5281.33/bin/cmake/bin/cmake -E cmake_link_script CMakeFiles/cmTC_b7253.dir/link.txt --verbose=1
/usr/bin/g++      -v CMakeFiles/cmTC_b7253.dir/CMakeCXXCompilerABI.cpp.o  -o cmTC_b7253 
Using built-in specs.
COLLECT_GCC=/usr/bin/g++
COLLECT_LTO_WRAPPER=/usr/lib/gcc/x86_64-pc-linux-gnu/8.1.1/lto-wrapper
Target: x86_64-pc-linux-gnu
Configured with: /build/gcc/src/gcc/configure --prefix=/usr --libdir=/usr/lib --libexecdir=/usr/lib --mandir=/usr/share/man --infodir=/usr/share/info --with-bugurl=https://bugs.archlinux.org/ --enable-languages=c,c++,ada,fortran,go,lto,objc,obj-c++ --enable-shared --enable-threads=posix --enable-libmpx --with-system-zlib --with-isl --enable-__cxa_atexit --disable-libunwind-exceptions --enable-clocale=gnu --disable-libstdcxx-pch --disable-libssp --enable-gnu-unique-object --enable-linker-build-id --enable-lto --enable-plugin --enable-install-libiberty --with-linker-hash-style=gnu --enable-gnu-indirect-function --enable-multilib --disable-werror --enable-checking=release --enable-default-pie --enable-default-ssp
Thread model: posix
gcc version 8.1.1 20180531 (GCC) 
COMPILER_PATH=/usr/lib/gcc/x86_64-pc-linux-gnu/8.1.1/:/usr/lib/gcc/x86_64-pc-linux-gnu/8.1.1/:/usr/lib/gcc/x86_64-pc-linux-gnu/:/usr/lib/gcc/x86_64-pc-linux-gnu/8.1.1/:/usr/lib/gcc/x86_64-pc-linux-gnu/
LIBRARY_PATH=/usr/lib/gcc/x86_64-pc-linux-gnu/8.1.1/:/usr/lib/gcc/x86_64-pc-linux-gnu/8.1.1/../../../../lib/:/lib/../lib/:/usr/lib/../lib/:/usr/lib/gcc/x86_64-pc-linux-gnu/8.1.1/../../../:/lib/:/usr/lib/
COLLECT_GCC_OPTIONS='-v' '-o' 'cmTC_b7253' '-shared-libgcc' '-mtune=generic' '-march=x86-64'
 /usr/lib/gcc/x86_64-pc-linux-gnu/8.1.1/collect2 -plugin /usr/lib/gcc/x86_64-pc-linux-gnu/8.1.1/liblto_plugin.so -plugin-opt=/usr/lib/gcc/x86_64-pc-linux-gnu/8.1.1/lto-wrapper -plugin-opt=-fresolution=/tmp/cclgvNrh.res -plugin-opt=-pass-through=-lgcc_s -plugin-opt=-pass-through=-lgcc -plugin-opt=-pass-through=-lc -plugin-opt=-pass-through=-lgcc_s -plugin-opt=-pass-through=-lgcc --build-id --eh-frame-hdr --hash-style=gnu -m elf_x86_64 -dynamic-linker /lib64/ld-linux-x86-64.so.2 -pie -o cmTC_b7253 /usr/lib/gcc/x86_64-pc-linux-gnu/8.1.1/../../../../lib/Scrt1.o /usr/lib/gcc/x86_64-pc-linux-gnu/8.1.1/../../../../lib/crti.o /usr/lib/gcc/x86_64-pc-linux-gnu/8.1.1/crtbeginS.o -L/usr/lib/gcc/x86_64-pc-linux-gnu/8.1.1 -L/usr/lib/gcc/x86_64-pc-linux-gnu/8.1.1/../../../../lib -L/lib/../lib -L/usr/lib/../lib -L/usr/lib/gcc/x86_64-pc-linux-gnu/8.1.1/../../.. CMakeFiles/cmTC_b7253.dir/CMakeCXXCompilerABI.cpp.o -lstdc++ -lm -lgcc_s -lgcc -lc -lgcc_s -lgcc /usr/lib/gcc/x86_64-pc-linux-gnu/8.1.1/crtendS.o /usr/lib/gcc/x86_64-pc-linux-gnu/8.1.1/../../../../lib/crtn.o
COLLECT_GCC_OPTIONS='-v' '-o' 'cmTC_b7253' '-shared-libgcc' '-mtune=generic' '-march=x86-64'
make[1]: Leaving directory '/home/c/CLionProjects/Algorithm/ShellSort/cmake-build-debug/CMakeFiles/CMakeTmp'


Parsed CXX implicit link information from above output:
  link line regex: [^( *|.*[/\])(ld|CMAKE_LINK_STARTFILE-NOTFOUND|([^/\]+-)?ld|collect2)[^/\]*( |$)]
  ignore line: [Change Dir: /home/c/CLionProjects/Algorithm/ShellSort/cmake-build-debug/CMakeFiles/CMakeTmp]
  ignore line: []
  ignore line: [Run Build Command:"/usr/bin/make" "cmTC_b7253/fast"]
  ignore line: [/usr/bin/make -f CMakeFiles/cmTC_b7253.dir/build.make CMakeFiles/cmTC_b7253.dir/build]
  ignore line: [make[1]: Entering directory '/home/c/CLionProjects/Algorithm/ShellSort/cmake-build-debug/CMakeFiles/CMakeTmp']
  ignore line: [Building CXX object CMakeFiles/cmTC_b7253.dir/CMakeCXXCompilerABI.cpp.o]
  ignore line: [/usr/bin/g++     -o CMakeFiles/cmTC_b7253.dir/CMakeCXXCompilerABI.cpp.o -c /home/c/.local/share/JetBrains/Toolbox/apps/CLion/ch-0/181.5281.33/bin/cmake/share/cmake-3.10/Modules/CMakeCXXCompilerABI.cpp]
  ignore line: [Linking CXX executable cmTC_b7253]
  ignore line: [/home/c/.local/share/JetBrains/Toolbox/apps/CLion/ch-0/181.5281.33/bin/cmake/bin/cmake -E cmake_link_script CMakeFiles/cmTC_b7253.dir/link.txt --verbose=1]
  ignore line: [/usr/bin/g++      -v CMakeFiles/cmTC_b7253.dir/CMakeCXXCompilerABI.cpp.o  -o cmTC_b7253 ]
  ignore line: [Using built-in specs.]
  ignore line: [COLLECT_GCC=/usr/bin/g++]
  ignore line: [COLLECT_LTO_WRAPPER=/usr/lib/gcc/x86_64-pc-linux-gnu/8.1.1/lto-wrapper]
  ignore line: [Target: x86_64-pc-linux-gnu]
  ignore line: [Configured with: /build/gcc/src/gcc/configure --prefix=/usr --libdir=/usr/lib --libexecdir=/usr/lib --mandir=/usr/share/man --infodir=/usr/share/info --with-bugurl=https://bugs.archlinux.org/ --enable-languages=c,c++,ada,fortran,go,lto,objc,obj-c++ --enable-shared --enable-threads=posix --enable-libmpx --with-system-zlib --with-isl --enable-__cxa_atexit --disable-libunwind-exceptions --enable-clocale=gnu --disable-libstdcxx-pch --disable-libssp --enable-gnu-unique-object --enable-linker-build-id --enable-lto --enable-plugin --enable-install-libiberty --with-linker-hash-style=gnu --enable-gnu-indirect-function --enable-multilib --disable-werror --enable-checking=release --enable-default-pie --enable-default-ssp]
  ignore line: [Thread model: posix]
  ignore line: [gcc version 8.1.1 20180531 (GCC) ]
  ignore line: [COMPILER_PATH=/usr/lib/gcc/x86_64-pc-linux-gnu/8.1.1/:/usr/lib/gcc/x86_64-pc-linux-gnu/8.1.1/:/usr/lib/gcc/x86_64-pc-linux-gnu/:/usr/lib/gcc/x86_64-pc-linux-gnu/8.1.1/:/usr/lib/gcc/x86_64-pc-linux-gnu/]
  ignore line: [LIBRARY_PATH=/usr/lib/gcc/x86_64-pc-linux-gnu/8.1.1/:/usr/lib/gcc/x86_64-pc-linux-gnu/8.1.1/../../../../lib/:/lib/../lib/:/usr/lib/../lib/:/usr/lib/gcc/x86_64-pc-linux-gnu/8.1.1/../../../:/lib/:/usr/lib/]
  ignore line: [COLLECT_GCC_OPTIONS='-v' '-o' 'cmTC_b7253' '-shared-libgcc' '-mtune=generic' '-march=x86-64']
  link line: [ /usr/lib/gcc/x86_64-pc-linux-gnu/8.1.1/collect2 -plugin /usr/lib/gcc/x86_64-pc-linux-gnu/8.1.1/liblto_plugin.so -plugin-opt=/usr/lib/gcc/x86_64-pc-linux-gnu/8.1.1/lto-wrapper -plugin-opt=-fresolution=/tmp/cclgvNrh.res -plugin-opt=-pass-through=-lgcc_s -plugin-opt=-pass-through=-lgcc -plugin-opt=-pass-through=-lc -plugin-opt=-pass-through=-lgcc_s -plugin-opt=-pass-through=-lgcc --build-id --eh-frame-hdr --hash-style=gnu -m elf_x86_64 -dynamic-linker /lib64/ld-linux-x86-64.so.2 -pie -o cmTC_b7253 /usr/lib/gcc/x86_64-pc-linux-gnu/8.1.1/../../../../lib/Scrt1.o /usr/lib/gcc/x86_64-pc-linux-gnu/8.1.1/../../../../lib/crti.o /usr/lib/gcc/x86_64-pc-linux-gnu/8.1.1/crtbeginS.o -L/usr/lib/gcc/x86_64-pc-linux-gnu/8.1.1 -L/usr/lib/gcc/x86_64-pc-linux-gnu/8.1.1/../../../../lib -L/lib/../lib -L/usr/lib/../lib -L/usr/lib/gcc/x86_64-pc-linux-gnu/8.1.1/../../.. CMakeFiles/cmTC_b7253.dir/CMakeCXXCompilerABI.cpp.o -lstdc++ -lm -lgcc_s -lgcc -lc -lgcc_s -lgcc /usr/lib/gcc/x86_64-pc-linux-gnu/8.1.1/crtendS.o /usr/lib/gcc/x86_64-pc-linux-gnu/8.1.1/../../../../lib/crtn.o]
    arg [/usr/lib/gcc/x86_64-pc-linux-gnu/8.1.1/collect2] ==> ignore
    arg [-plugin] ==> ignore
    arg [/usr/lib/gcc/x86_64-pc-linux-gnu/8.1.1/liblto_plugin.so] ==> ignore
    arg [-plugin-opt=/usr/lib/gcc/x86_64-pc-linux-gnu/8.1.1/lto-wrapper] ==> ignore
    arg [-plugin-opt=-fresolution=/tmp/cclgvNrh.res] ==> ignore
    arg [-plugin-opt=-pass-through=-lgcc_s] ==> ignore
    arg [-plugin-opt=-pass-through=-lgcc] ==> ignore
    arg [-plugin-opt=-pass-through=-lc] ==> ignore
    arg [-plugin-opt=-pass-through=-lgcc_s] ==> ignore
    arg [-plugin-opt=-pass-through=-lgcc] ==> ignore
    arg [--build-id] ==> ignore
    arg [--eh-frame-hdr] ==> ignore
    arg [--hash-style=gnu] ==> ignore
    arg [-m] ==> ignore
    arg [elf_x86_64] ==> ignore
    arg [-dynamic-linker] ==> ignore
    arg [/lib64/ld-linux-x86-64.so.2] ==> ignore
    arg [-pie] ==> ignore
    arg [-o] ==> ignore
    arg [cmTC_b7253] ==> ignore
    arg [/usr/lib/gcc/x86_64-pc-linux-gnu/8.1.1/../../../../lib/Scrt1.o] ==> ignore
    arg [/usr/lib/gcc/x86_64-pc-linux-gnu/8.1.1/../../../../lib/crti.o] ==> ignore
    arg [/usr/lib/gcc/x86_64-pc-linux-gnu/8.1.1/crtbeginS.o] ==> ignore
    arg [-L/usr/lib/gcc/x86_64-pc-linux-gnu/8.1.1] ==> dir [/usr/lib/gcc/x86_64-pc-linux-gnu/8.1.1]
    arg [-L/usr/lib/gcc/x86_64-pc-linux-gnu/8.1.1/../../../../lib] ==> dir [/usr/lib/gcc/x86_64-pc-linux-gnu/8.1.1/../../../../lib]
    arg [-L/lib/../lib] ==> dir [/lib/../lib]
    arg [-L/usr/lib/../lib] ==> dir [/usr/lib/../lib]
    arg [-L/usr/lib/gcc/x86_64-pc-linux-gnu/8.1.1/../../..] ==> dir [/usr/lib/gcc/x86_64-pc-linux-gnu/8.1.1/../../..]
    arg [CMakeFiles/cmTC_b7253.dir/CMakeCXXCompilerABI.cpp.o] ==> ignore
    arg [-lstdc++] ==> lib [stdc++]
    arg [-lm] ==> lib [m]
    arg [-lgcc_s] ==> lib [gcc_s]
    arg [-lgcc] ==> lib [gcc]
    arg [-lc] ==> lib [c]
    arg [-lgcc_s] ==> lib [gcc_s]
    arg [-lgcc] ==> lib [gcc]
    arg [/usr/lib/gcc/x86_64-pc-linux-gnu/8.1.1/crtendS.o] ==> ignore
    arg [/usr/lib/gcc/x86_64-pc-linux-gnu/8.1.1/../../../../lib/crtn.o] ==> ignore
  collapse library dir [/usr/lib/gcc/x86_64-pc-linux-gnu/8.1.1] ==> [/usr/lib/gcc/x86_64-pc-linux-gnu/8.1.1]
  collapse library dir [/usr/lib/gcc/x86_64-pc-linux-gnu/8.1.1/../../../../lib] ==> [/usr/lib]
  collapse library dir [/lib/../lib] ==> [/lib]
  collapse library dir [/usr/lib/../lib] ==> [/usr/lib]
  collapse library dir [/usr/lib/gcc/x86_64-pc-linux-gnu/8.1.1/../../..] ==> [/usr/lib]
  implicit libs: [stdc++;m;gcc_s;gcc;c;gcc_s;gcc]
  implicit dirs: [/usr/lib/gcc/x86_64-pc-linux-gnu/8.1.1;/usr/lib;/lib]
  implicit fwks: []




Detecting CXX [-std=c++1z] compiler features compiled with the following output:
Change Dir: /home/c/CLionProjects/Algorithm/ShellSort/cmake-build-debug/CMakeFiles/CMakeTmp

Run Build Command:"/usr/bin/make" "cmTC_83397/fast"
/usr/bin/make -f CMakeFiles/cmTC_83397.dir/build.make CMakeFiles/cmTC_83397.dir/build
make[1]: Entering directory '/home/c/CLionProjects/Algorithm/ShellSort/cmake-build-debug/CMakeFiles/CMakeTmp'
Building CXX object CMakeFiles/cmTC_83397.dir/feature_tests.cxx.o
/usr/bin/g++    -std=c++1z -o CMakeFiles/cmTC_83397.dir/feature_tests.cxx.o -c /home/c/CLionProjects/Algorithm/ShellSort/cmake-build-debug/CMakeFiles/feature_tests.cxx
Linking CXX executable cmTC_83397
/home/c/.local/share/JetBrains/Toolbox/apps/CLion/ch-0/181.5281.33/bin/cmake/bin/cmake -E cmake_link_script CMakeFiles/cmTC_83397.dir/link.txt --verbose=1
/usr/bin/g++       CMakeFiles/cmTC_83397.dir/feature_tests.cxx.o  -o cmTC_83397 
make[1]: Leaving directory '/home/c/CLionProjects/Algorithm/ShellSort/cmake-build-debug/CMakeFiles/CMakeTmp'


    Feature record: CXX_FEATURE:1cxx_aggregate_default_initializers
    Feature record: CXX_FEATURE:1cxx_alias_templates
    Feature record: CXX_FEATURE:1cxx_alignas
    Feature record: CXX_FEATURE:1cxx_alignof
    Feature record: CXX_FEATURE:1cxx_attributes
    Feature record: CXX_FEATURE:1cxx_attribute_deprecated
    Feature record: CXX_FEATURE:1cxx_auto_type
    Feature record: CXX_FEATURE:1cxx_binary_literals
    Feature record: CXX_FEATURE:1cxx_constexpr
    Feature record: CXX_FEATURE:1cxx_contextual_conversions
    Feature record: CXX_FEATURE:1cxx_decltype
    Feature record: CXX_FEATURE:1cxx_decltype_auto
    Feature record: CXX_FEATURE:1cxx_decltype_incomplete_return_types
    Feature record: CXX_FEATURE:1cxx_default_function_template_args
    Feature record: CXX_FEATURE:1cxx_defaulted_functions
    Feature record: CXX_FEATURE:1cxx_defaulted_move_initializers
    Feature record: CXX_FEATURE:1cxx_delegating_constructors
    Feature record: CXX_FEATURE:1cxx_deleted_functions
    Feature record: CXX_FEATURE:1cxx_digit_separators
    Feature record: CXX_FEATURE:1cxx_enum_forward_declarations
    Feature record: CXX_FEATURE:1cxx_explicit_conversions
    Feature record: CXX_FEATURE:1cxx_extended_friend_declarations
    Feature record: CXX_FEATURE:1cxx_extern_templates
    Feature record: CXX_FEATURE:1cxx_final
    Feature record: CXX_FEATURE:1cxx_func_identifier
    Feature record: CXX_FEATURE:1cxx_generalized_initializers
    Feature record: CXX_FEATURE:1cxx_generic_lambdas
    Feature record: CXX_FEATURE:1cxx_inheriting_constructors
    Feature record: CXX_FEATURE:1cxx_inline_namespaces
    Feature record: CXX_FEATURE:1cxx_lambdas
    Feature record: CXX_FEATURE:1cxx_lambda_init_captures
    Feature record: CXX_FEATURE:1cxx_local_type_template_args
    Feature record: CXX_FEATURE:1cxx_long_long_type
    Feature record: CXX_FEATURE:1cxx_noexcept
    Feature record: CXX_FEATURE:1cxx_nonstatic_member_init
    Feature record: CXX_FEATURE:1cxx_nullptr
    Feature record: CXX_FEATURE:1cxx_override
    Feature record: CXX_FEATURE:1cxx_range_for
    Feature record: CXX_FEATURE:1cxx_raw_string_literals
    Feature record: CXX_FEATURE:1cxx_reference_qualified_functions
    Feature record: CXX_FEATURE:1cxx_relaxed_constexpr
    Feature record: CXX_FEATURE:1cxx_return_type_deduction
    Feature record: CXX_FEATURE:1cxx_right_angle_brackets
    Feature record: CXX_FEATURE:1cxx_rvalue_references
    Feature record: CXX_FEATURE:1cxx_sizeof_member
    Feature record: CXX_FEATURE:1cxx_static_assert
    Feature record: CXX_FEATURE:1cxx_strong_enums
    Feature record: CXX_FEATURE:1cxx_template_template_parameters
    Feature record: CXX_FEATURE:1cxx_thread_local
    Feature record: CXX_FEATURE:1cxx_trailing_return_types
    Feature record: CXX_FEATURE:1cxx_unicode_literals
    Feature record: CXX_FEATURE:1cxx_uniform_initialization
    Feature record: CXX_FEATURE:1cxx_unrestricted_unions
    Feature record: CXX_FEATURE:1cxx_user_literals
    Feature record: CXX_FEATURE:1cxx_variable_templates
    Feature record: CXX_FEATURE:1cxx_variadic_macros
    Feature record: CXX_FEATURE:1cxx_variadic_templates


Detecting CXX [-std=c++14] compiler features compiled with the following output:
Change Dir: /home/c/CLionProjects/Algorithm/ShellSort/cmake-build-debug/CMakeFiles/CMakeTmp

Run Build Command:"/usr/bin/make" "cmTC_b2cc2/fast"
/usr/bin/make -f CMakeFiles/cmTC_b2cc2.dir/build.make CMakeFiles/cmTC_b2cc2.dir/build
make[1]: Entering directory '/home/c/CLionProjects/Algorithm/ShellSort/cmake-build-debug/CMakeFiles/CMakeTmp'
Building CXX object CMakeFiles/cmTC_b2cc2.dir/feature_tests.cxx.o
/usr/bin/g++    -std=c++14 -o CMakeFiles/cmTC_b2cc2.dir/feature_tests.cxx.o -c /home/c/CLionProjects/Algorithm/ShellSort/cmake-build-debug/CMakeFiles/feature_tests.cxx
Linking CXX executable cmTC_b2cc2
/home/c/.local/share/JetBrains/Toolbox/apps/CLion/ch-0/181.5281.33/bin/cmake/bin/cmake -E cmake_link_script CMakeFiles/cmTC_b2cc2.dir/link.txt --verbose=1
/usr/bin/g++       CMakeFiles/cmTC_b2cc2.dir/feature_tests.cxx.o  -o cmTC_b2cc2 
make[1]: Leaving directory '/home/c/CLionProjects/Algorithm/ShellSort/cmake-build-debug/CMakeFiles/CMakeTmp'


    Feature record: CXX_FEATURE:1cxx_aggregate_default_initializers
    Feature record: CXX_FEATURE:1cxx_alias_templates
    Feature record: CXX_FEATURE:1cxx_alignas
    Feature record: CXX_FEATURE:1cxx_alignof
    Feature record: CXX_FEATURE:1cxx_attributes
    Feature record: CXX_FEATURE:1cxx_attribute_deprecated
    Feature record: CXX_FEATURE:1cxx_auto_type
    Feature record: CXX_FEATURE:1cxx_binary_literals
    Feature record: CXX_FEATURE:1cxx_constexpr
    Feature record: CXX_FEATURE:1cxx_contextual_conversions
    Feature record: CXX_FEATURE:1cxx_decltype
    Feature record: CXX_FEATURE:1cxx_decltype_auto
    Feature record: CXX_FEATURE:1cxx_decltype_incomplete_return_types
    Feature record: CXX_FEATURE:1cxx_default_function_template_args
    Feature record: CXX_FEATURE:1cxx_defaulted_functions
    Feature record: CXX_FEATURE:1cxx_defaulted_move_initializers
    Feature record: CXX_FEATURE:1cxx_delegating_constructors
    Feature record: CXX_FEATURE:1cxx_deleted_functions
    Feature record: CXX_FEATURE:1cxx_digit_separators
    Feature record: CXX_FEATURE:1cxx_enum_forward_declarations
    Feature record: CXX_FEATURE:1cxx_explicit_conversions
    Feature record: CXX_FEATURE:1cxx_extended_friend_declarations
    Feature record: CXX_FEATURE:1cxx_extern_templates
    Feature record: CXX_FEATURE:1cxx_final
    Feature record: CXX_FEATURE:1cxx_func_identifier
    Feature record: CXX_FEATURE:1cxx_generalized_initializers
    Feature record: CXX_FEATURE:1cxx_generic_lambdas
    Feature record: CXX_FEATURE:1cxx_inheriting_constructors
    Feature record: CXX_FEATURE:1cxx_inline_namespaces
    Feature record: CXX_FEATURE:1cxx_lambdas
    Feature record: CXX_FEATURE:1cxx_lambda_init_captures
    Feature record: CXX_FEATURE:1cxx_local_type_template_args
    Feature record: CXX_FEATURE:1cxx_long_long_type
    Feature record: CXX_FEATURE:1cxx_noexcept
    Feature record: CXX_FEATURE:1cxx_nonstatic_member_init
    Feature record: CXX_FEATURE:1cxx_nullptr
    Feature record: CXX_FEATURE:1cxx_override
    Feature record: CXX_FEATURE:1cxx_range_for
    Feature record: CXX_FEATURE:1cxx_raw_string_literals
    Feature record: CXX_FEATURE:1cxx_reference_qualified_functions
    Feature record: CXX_FEATURE:1cxx_relaxed_constexpr
    Feature record: CXX_FEATURE:1cxx_return_type_deduction
    Feature record: CXX_FEATURE:1cxx_right_angle_brackets
    Feature record: CXX_FEATURE:1cxx_rvalue_references
    Feature record: CXX_FEATURE:1cxx_sizeof_member
    Feature record: CXX_FEATURE:1cxx_static_assert
    Feature record: CXX_FEATURE:1cxx_strong_enums
    Feature record: CXX_FEATURE:1cxx_template_template_parameters
    Feature record: CXX_FEATURE:1cxx_thread_local
    Feature record: CXX_FEATURE:1cxx_trailing_return_types
    Feature record: CXX_FEATURE:1cxx_unicode_literals
    Feature record: CXX_FEATURE:1cxx_uniform_initialization
    Feature record: CXX_FEATURE:1cxx_unrestricted_unions
    Feature record: CXX_FEATURE:1cxx_user_literals
    Feature record: CXX_FEATURE:1cxx_variable_templates
    Feature record: CXX_FEATURE:1cxx_variadic_macros
    Feature record: CXX_FEATURE:1cxx_variadic_templates


Detecting CXX [-std=c++11] compiler features compiled with the following output:
Change Dir: /home/c/CLionProjects/Algorithm/ShellSort/cmake-build-debug/CMakeFiles/CMakeTmp

Run Build Command:"/usr/bin/make" "cmTC_110a4/fast"
/usr/bin/make -f CMakeFiles/cmTC_110a4.dir/build.make CMakeFiles/cmTC_110a4.dir/build
make[1]: Entering directory '/home/c/CLionProjects/Algorithm/ShellSort/cmake-build-debug/CMakeFiles/CMakeTmp'
Building CXX object CMakeFiles/cmTC_110a4.dir/feature_tests.cxx.o
/usr/bin/g++    -std=c++11 -o CMakeFiles/cmTC_110a4.dir/feature_tests.cxx.o -c /home/c/CLionProjects/Algorithm/ShellSort/cmake-build-debug/CMakeFiles/feature_tests.cxx
Linking CXX executable cmTC_110a4
/home/c/.local/share/JetBrains/Toolbox/apps/CLion/ch-0/181.5281.33/bin/cmake/bin/cmake -E cmake_link_script CMakeFiles/cmTC_110a4.dir/link.txt --verbose=1
/usr/bin/g++       CMakeFiles/cmTC_110a4.dir/feature_tests.cxx.o  -o cmTC_110a4 
make[1]: Leaving directory '/home/c/CLionProjects/Algorithm/ShellSort/cmake-build-debug/CMakeFiles/CMakeTmp'


    Feature record: CXX_FEATURE:0cxx_aggregate_default_initializers
    Feature record: CXX_FEATURE:1cxx_alias_templates
    Feature record: CXX_FEATURE:1cxx_alignas
    Feature record: CXX_FEATURE:1cxx_alignof
    Feature record: CXX_FEATURE:1cxx_attributes
    Feature record: CXX_FEATURE:0cxx_attribute_deprecated
    Feature record: CXX_FEATURE:1cxx_auto_type
    Feature record: CXX_FEATURE:0cxx_binary_literals
    Feature record: CXX_FEATURE:1cxx_constexpr
    Feature record: CXX_FEATURE:0cxx_contextual_conversions
    Feature record: CXX_FEATURE:1cxx_decltype
    Feature record: CXX_FEATURE:0cxx_decltype_auto
    Feature record: CXX_FEATURE:1cxx_decltype_incomplete_return_types
    Feature record: CXX_FEATURE:1cxx_default_function_template_args
    Feature record: CXX_FEATURE:1cxx_defaulted_functions
    Feature record: CXX_FEATURE:1cxx_defaulted_move_initializers
    Feature record: CXX_FEATURE:1cxx_delegating_constructors
    Feature record: CXX_FEATURE:1cxx_deleted_functions
    Feature record: CXX_FEATURE:0cxx_digit_separators
    Feature record: CXX_FEATURE:1cxx_enum_forward_declarations
    Feature record: CXX_FEATURE:1cxx_explicit_conversions
    Feature record: CXX_FEATURE:1cxx_extended_friend_declarations
    Feature record: CXX_FEATURE:1cxx_extern_templates
    Feature record: CXX_FEATURE:1cxx_final
    Feature record: CXX_FEATURE:1cxx_func_identifier
    Feature record: CXX_FEATURE:1cxx_generalized_initializers
    Feature record: CXX_FEATURE:0cxx_generic_lambdas
    Feature record: CXX_FEATURE:1cxx_inheriting_constructors
    Feature record: CXX_FEATURE:1cxx_inline_namespaces
    Feature record: CXX_FEATURE:1cxx_lambdas
    Feature record: CXX_FEATURE:0cxx_lambda_init_captures
    Feature record: CXX_FEATURE:1cxx_local_type_template_args
    Feature record: CXX_FEATURE:1cxx_long_long_type
    Feature record: CXX_FEATURE:1cxx_noexcept
    Feature record: CXX_FEATURE:1cxx_nonstatic_member_init
    Feature record: CXX_FEATURE:1cxx_nullptr
    Feature record: CXX_FEATURE:1cxx_override
    Feature record: CXX_FEATURE:1cxx_range_for
    Feature record: CXX_FEATURE:1cxx_raw_string_literals
    Feature record: CXX_FEATURE:1cxx_reference_qualified_functions
    Feature record: CXX_FEATURE:0cxx_relaxed_constexpr
    Feature record: CXX_FEATURE:0cxx_return_type_deduction
    Feature record: CXX_FEATURE:1cxx_right_angle_brackets
    Feature record: CXX_FEATURE:1cxx_rvalue_references
    Feature record: CXX_FEATURE:1cxx_sizeof_member
    Feature record: CXX_FEATURE:1cxx_static_assert
    Feature record: CXX_FEATURE:1cxx_strong_enums
    Feature record: CXX_FEATURE:1cxx_template_template_parameters
    Feature record: CXX_FEATURE:1cxx_thread_local
    Feature record: CXX_FEATURE:1cxx_trailing_return_types
    Feature record: CXX_FEATURE:1cxx_unicode_literals
    Feature record: CXX_FEATURE:1cxx_uniform_initialization
    Feature record: CXX_FEATURE:1cxx_unrestricted_unions
    Feature record: CXX_FEATURE:1cxx_user_literals
    Feature record: CXX_FEATURE:0cxx_variable_templates
    Feature record: CXX_FEATURE:1cxx_variadic_macros
    Feature record: CXX_FEATURE:1cxx_variadic_templates


Detecting CXX [-std=c++98] compiler features compiled with the following output:
Change Dir: /home/c/CLionProjects/Algorithm/ShellSort/cmake-build-debug/CMakeFiles/CMakeTmp

Run Build Command:"/usr/bin/make" "cmTC_27ab1/fast"
/usr/bin/make -f CMakeFiles/cmTC_27ab1.dir/build.make CMakeFiles/cmTC_27ab1.dir/build
make[1]: Entering directory '/home/c/CLionProjects/Algorithm/ShellSort/cmake-build-debug/CMakeFiles/CMakeTmp'
Building CXX object CMakeFiles/cmTC_27ab1.dir/feature_tests.cxx.o
/usr/bin/g++    -std=c++98 -o CMakeFiles/cmTC_27ab1.dir/feature_tests.cxx.o -c /home/c/CLionProjects/Algorithm/ShellSort/cmake-build-debug/CMakeFiles/feature_tests.cxx
Linking CXX executable cmTC_27ab1
/home/c/.local/share/JetBrains/Toolbox/apps/CLion/ch-0/181.5281.33/bin/cmake/bin/cmake -E cmake_link_script CMakeFiles/cmTC_27ab1.dir/link.txt --verbose=1
/usr/bin/g++       CMakeFiles/cmTC_27ab1.dir/feature_tests.cxx.o  -o cmTC_27ab1 
make[1]: Leaving directory '/home/c/CLionProjects/Algorithm/ShellSort/cmake-build-debug/CMakeFiles/CMakeTmp'


    Feature record: CXX_FEATURE:0cxx_aggregate_default_initializers
    Feature record: CXX_FEATURE:0cxx_alias_templates
    Feature record: CXX_FEATURE:0cxx_alignas
    Feature record: CXX_FEATURE:0cxx_alignof
    Feature record: CXX_FEATURE:0cxx_attributes
    Feature record: CXX_FEATURE:0cxx_attribute_deprecated
    Feature record: CXX_FEATURE:0cxx_auto_type
    Feature record: CXX_FEATURE:0cxx_binary_literals
    Feature record: CXX_FEATURE:0cxx_constexpr
    Feature record: CXX_FEATURE:0cxx_contextual_conversions
    Feature record: CXX_FEATURE:0cxx_decltype
    Feature record: CXX_FEATURE:0cxx_decltype_auto
    Feature record: CXX_FEATURE:0cxx_decltype_incomplete_return_types
    Feature record: CXX_FEATURE:0cxx_default_function_template_args
    Feature record: CXX_FEATURE:0cxx_defaulted_functions
    Feature record: CXX_FEATURE:0cxx_defaulted_move_initializers
    Feature record: CXX_FEATURE:0cxx_delegating_constructors
    Feature record: CXX_FEATURE:0cxx_deleted_functions
    Feature record: CXX_FEATURE:0cxx_digit_separators
    Feature record: CXX_FEATURE:0cxx_enum_forward_declarations
    Feature record: CXX_FEATURE:0cxx_explicit_conversions
    Feature record: CXX_FEATURE:0cxx_extended_friend_declarations
    Feature record: CXX_FEATURE:0cxx_extern_templates
    Feature record: CXX_FEATURE:0cxx_final
    Feature record: CXX_FEATURE:0cxx_func_identifier
    Feature record: CXX_FEATURE:0cxx_generalized_initializers
    Feature record: CXX_FEATURE:0cxx_generic_lambdas
    Feature record: CXX_FEATURE:0cxx_inheriting_constructors
    Feature record: CXX_FEATURE:0cxx_inline_namespaces
    Feature record: CXX_FEATURE:0cxx_lambdas
    Feature record: CXX_FEATURE:0cxx_lambda_init_captures
    Feature record: CXX_FEATURE:0cxx_local_type_template_args
    Feature record: CXX_FEATURE:0cxx_long_long_type
    Feature record: CXX_FEATURE:0cxx_noexcept
    Feature record: CXX_FEATURE:0cxx_nonstatic_member_init
    Feature record: CXX_FEATURE:0cxx_nullptr
    Feature record: CXX_FEATURE:0cxx_override
    Feature record: CXX_FEATURE:0cxx_range_for
    Feature record: CXX_FEATURE:0cxx_raw_string_literals
    Feature record: CXX_FEATURE:0cxx_reference_qualified_functions
    Feature record: CXX_FEATURE:0cxx_relaxed_constexpr
    Feature record: CXX_FEATURE:0cxx_return_type_deduction
    Feature record: CXX_FEATURE:0cxx_right_angle_brackets
    Feature record: CXX_FEATURE:0cxx_rvalue_references
    Feature record: CXX_FEATURE:0cxx_sizeof_member
    Feature record: CXX_FEATURE:0cxx_static_assert
    Feature record: CXX_FEATURE:0cxx_strong_enums
    Feature record: CXX_FEATURE:1cxx_template_template_parameters
    Feature record: CXX_FEATURE:0cxx_thread_local
    Feature record: CXX_FEATURE:0cxx_trailing_return_types
    Feature record: CXX_FEATURE:0cxx_unicode_literals
    Feature record: CXX_FEATURE:0cxx_uniform_initialization
    Feature record: CXX_FEATURE:0cxx_unrestricted_unions
    Feature record: CXX_FEATURE:0cxx_user_literals
    Feature record: CXX_FEATURE:0cxx_variable_templates
    Feature record: CXX_FEATURE:0cxx_variadic_macros
    Feature record: CXX_FEATURE:0cxx_variadic_templates
